<?xml version="1.0" encoding="UTF-8"?>
<!-- Generated by org.testng.reporters.JUnitXMLReporter -->
<testsuite ignored="0" hostname="sathesh" failures="2" tests="2" name="Regression Tests" time="4.284" errors="0" timestamp="2022-04-08T20:12:29 IST">
  <testcase classname="io.cucumber.testng.AbstractTestNGCucumberTests" name="runScenario" time="0.663">
    <failure type="java.lang.NullPointerException" message="Cannot invoke &amp;quot;org.openqa.selenium.WebDriver.manage()&amp;quot; because &amp;quot;baseMethods.BaseLibrary.driver&amp;quot; is null">
      <![CDATA[java.lang.NullPointerException: Cannot invoke "org.openqa.selenium.WebDriver.manage()" because "baseMethods.BaseLibrary.driver" is null
at baseMethods.BaseLibrary.closeBrowser(BaseLibrary.java:516)
at stepDefinition.Hookable.after(Hookable.java:49)
]]>
    </failure>
  </testcase> <!-- runScenario -->
  <testcase classname="io.cucumber.testng.AbstractTestNGCucumberTests" name="runScenario" time="0.112">
    <failure type="java.lang.NullPointerException" message="Cannot invoke &amp;quot;org.openqa.selenium.WebDriver.manage()&amp;quot; because &amp;quot;baseMethods.BaseLibrary.driver&amp;quot; is null">
      <![CDATA[java.lang.NullPointerException: Cannot invoke "org.openqa.selenium.WebDriver.manage()" because "baseMethods.BaseLibrary.driver" is null
at baseMethods.BaseLibrary.closeBrowser(BaseLibrary.java:516)
at stepDefinition.Hookable.after(Hookable.java:49)
]]>
    </failure>
  </testcase> <!-- runScenario -->
</testsuite> <!-- Regression Tests -->
