<?xml version="1.0" encoding="UTF-8"?>
<testng-results ignored="0" total="1" passed="1" failed="0" skipped="0">
  <reporter-output>
  </reporter-output>
  <suite started-at="2022-04-22T15:37:00 IST" name="Default suite" finished-at="2022-04-22T15:37:55 IST" duration-ms="54213">
    <groups>
      <group name="cucumber">
        <method signature="AbstractTestNGCucumberTests.runScenario(io.cucumber.testng.PickleWrapper,io.cucumber.testng.FeatureWrapper)[pri:0, instance:testRunner.TestRunner@4149c063]" name="runScenario" class="io.cucumber.testng.AbstractTestNGCucumberTests"/>
      </group> <!-- cucumber -->
    </groups>
    <test started-at="2022-04-22T15:37:00 IST" name="Default test" finished-at="2022-04-22T15:37:55 IST" duration-ms="54213">
      <class name="testRunner.TestRunner">
        <test-method is-config="true" signature="setUpClass()[pri:0, instance:testRunner.TestRunner@4149c063]" started-at="2022-04-22T15:37:01 IST" name="setUpClass" finished-at="2022-04-22T15:37:03 IST" duration-ms="2182" status="PASS">
          <reporter-output>
          </reporter-output>
        </test-method> <!-- setUpClass -->
        <test-method is-config="true" signature="setupClassName(org.testng.ITestContext)[pri:0, instance:testRunner.TestRunner@4149c063]" started-at="2022-04-22T15:37:03 IST" name="setupClassName" finished-at="2022-04-22T15:37:03 IST" duration-ms="21" status="PASS">
          <params>
            <param index="0">
              <value>
                <![CDATA[org.testng.TestRunner@70abf9b0]]>
              </value>
            </param>
          </params>
          <reporter-output>
          </reporter-output>
        </test-method> <!-- setupClassName -->
        <test-method signature="runScenario(io.cucumber.testng.PickleWrapper,io.cucumber.testng.FeatureWrapper)[pri:0, instance:testRunner.TestRunner@4149c063]" started-at="2022-04-22T15:37:03 IST" name="runScenario" description="Runs Cucumber Scenarios" data-provider="scenarios" finished-at="2022-04-22T15:37:54 IST" duration-ms="51079" status="PASS">
          <params>
            <param index="0">
              <value>
                <![CDATA["757514_Verify That Super Admin User Is able to Login With Valid Credentials"]]>
              </value>
            </param>
            <param index="1">
              <value>
                <![CDATA["Optional[Login Feature]"]]>
              </value>
            </param>
          </params>
          <reporter-output>
          </reporter-output>
        </test-method> <!-- runScenario -->
        <test-method is-config="true" signature="tearDownClass()[pri:0, instance:testRunner.TestRunner@4149c063]" started-at="2022-04-22T15:37:54 IST" name="tearDownClass" finished-at="2022-04-22T15:37:55 IST" duration-ms="790" status="PASS">
          <reporter-output>
          </reporter-output>
        </test-method> <!-- tearDownClass -->
        <test-method is-config="true" signature="buildReport()[pri:0, instance:testRunner.TestRunner@4149c063]" started-at="2022-04-22T15:37:55 IST" name="buildReport" finished-at="2022-04-22T15:38:00 IST" duration-ms="5004" status="PASS">
          <reporter-output>
          </reporter-output>
        </test-method> <!-- buildReport -->
      </class> <!-- testRunner.TestRunner -->
    </test> <!-- Default test -->
  </suite> <!-- Default suite -->
</testng-results>
